Using pre-set license
Built from '2022.3/staging' branch; Version is '2022.3.9f1 (ea401c316338) revision 15351836'; Using compiler version '192829333'; Build Type 'Release'
OS: 'Windows 11  (10.0.22631) 64bit Core' Language: 'ca' Physical Memory: 14029 MB
BatchMode: 1, IsHumanControllingUs: 0, StartBugReporterOnCrash: 0, Is64bit: 1, IsPro: 1

COMMAND LINE ARGUMENTS:
C:\Program Files\Unity\Hub\Editor\2022.3.9f1\Editor\Unity.exe
-adb2
-batchMode
-noUpm
-name
AssetImportWorker3
-projectPath
C:/Users/RyuDu/Documents/GitHub/PokerMemory/MemoryGame-IDG
-logFile
Logs/AssetImportWorker3.log
-srvPort
60240
Successfully changed project path to: C:/Users/RyuDu/Documents/GitHub/PokerMemory/MemoryGame-IDG
C:/Users/RyuDu/Documents/GitHub/PokerMemory/MemoryGame-IDG
[UnityMemory] Configuration Parameters - Can be set up in boot.config
    "memorysetup-bucket-allocator-granularity=16"
    "memorysetup-bucket-allocator-bucket-count=8"
    "memorysetup-bucket-allocator-block-size=33554432"
    "memorysetup-bucket-allocator-block-count=8"
    "memorysetup-main-allocator-block-size=16777216"
    "memorysetup-thread-allocator-block-size=16777216"
    "memorysetup-gfx-main-allocator-block-size=16777216"
    "memorysetup-gfx-thread-allocator-block-size=16777216"
    "memorysetup-cache-allocator-block-size=4194304"
    "memorysetup-typetree-allocator-block-size=2097152"
    "memorysetup-profiler-bucket-allocator-granularity=16"
    "memorysetup-profiler-bucket-allocator-bucket-count=8"
    "memorysetup-profiler-bucket-allocator-block-size=33554432"
    "memorysetup-profiler-bucket-allocator-block-count=8"
    "memorysetup-profiler-allocator-block-size=16777216"
    "memorysetup-profiler-editor-allocator-block-size=1048576"
    "memorysetup-temp-allocator-size-main=16777216"
    "memorysetup-job-temp-allocator-block-size=2097152"
    "memorysetup-job-temp-allocator-block-size-background=1048576"
    "memorysetup-job-temp-allocator-reduction-small-platforms=262144"
    "memorysetup-allocator-temp-initial-block-size-main=262144"
    "memorysetup-allocator-temp-initial-block-size-worker=262144"
    "memorysetup-temp-allocator-size-background-worker=32768"
    "memorysetup-temp-allocator-size-job-worker=262144"
    "memorysetup-temp-allocator-size-preload-manager=33554432"
    "memorysetup-temp-allocator-size-nav-mesh-worker=65536"
    "memorysetup-temp-allocator-size-audio-worker=65536"
    "memorysetup-temp-allocator-size-cloud-worker=32768"
    "memorysetup-temp-allocator-size-gi-baking-worker=262144"
    "memorysetup-temp-allocator-size-gfx=262144"
Player connection [21112] Host "[IP] 192.168.56.1 [Port] 0 [Flags] 2 [Guid] 758174008 [EditorId] 758174008 [Version] 1048832 [Id] WindowsEditor(7,LAPTOP-9RLCTJ1A) [Debug] 1 [PackageName] WindowsEditor [ProjectName] Editor" joined multi-casting on [225.0.0.222:54997]...

Player connection [21112] Host "[IP] 192.168.56.1 [Port] 0 [Flags] 2 [Guid] 758174008 [EditorId] 758174008 [Version] 1048832 [Id] WindowsEditor(7,LAPTOP-9RLCTJ1A) [Debug] 1 [PackageName] WindowsEditor [ProjectName] Editor" joined alternative multi-casting on [225.0.0.222:34997]...

[Physics::Module] Initialized MultithreadedJobDispatcher with 19 workers.
Refreshing native plugins compatible for Editor in 185.01 ms, found 3 plugins.
Preloading 0 native plugins for Editor in 0.00 ms.
Initialize engine version: 2022.3.9f1 (ea401c316338)
[Subsystems] Discovering subsystems at path C:/Program Files/Unity/Hub/Editor/2022.3.9f1/Editor/Data/Resources/UnitySubsystems
[Subsystems] Discovering subsystems at path C:/Users/RyuDu/Documents/GitHub/PokerMemory/MemoryGame-IDG/Assets
GfxDevice: creating device client; threaded=0; jobified=0
Direct3D:
    Version:  Direct3D 11.0 [level 11.1]
    Renderer: NVIDIA GeForce RTX 4060 Laptop GPU (ID=0x28a0)
    Vendor:   NVIDIA
    VRAM:     7957 MB
    Driver:   32.0.15.5594
Initialize mono
Mono path[0] = 'C:/Program Files/Unity/Hub/Editor/2022.3.9f1/Editor/Data/Managed'
Mono path[1] = 'C:/Program Files/Unity/Hub/Editor/2022.3.9f1/Editor/Data/MonoBleedingEdge/lib/mono/unityjit-win32'
Mono config path = 'C:/Program Files/Unity/Hub/Editor/2022.3.9f1/Editor/Data/MonoBleedingEdge/etc'
Using monoOptions --debugger-agent=transport=dt_socket,embedding=1,server=y,suspend=n,address=127.0.0.1:56536
Begin MonoManager ReloadAssembly
Registering precompiled unity dll's ...
Register platform support module: C:/Program Files/Unity/Hub/Editor/2022.3.9f1/Editor/Data/PlaybackEngines/AndroidPlayer/UnityEditor.Android.Extensions.dll
Register platform support module: C:/Program Files/Unity/Hub/Editor/2022.3.9f1/Editor/Data/PlaybackEngines/WindowsStandaloneSupport/UnityEditor.WindowsStandalone.Extensions.dll
Registered in 0.013613 seconds.
- Loaded All Assemblies, in  0.707 seconds
Native extension for WindowsStandalone target not found
Native extension for Android target not found
Android Extension - Scanning For ADB Devices 673 ms
Mono: successfully reloaded assembly
- Finished resetting the current domain, in  1.364 seconds
Domain Reload Profiling: 2069ms
	BeginReloadAssembly (169ms)
		ExecutionOrderSort (0ms)
		DisableScriptedObjects (0ms)
		BackupInstance (0ms)
		ReleaseScriptingObjects (0ms)
		CreateAndSetChildDomain (1ms)
	RebuildCommonClasses (37ms)
	RebuildNativeTypeToScriptingClass (12ms)
	initialDomainReloadingComplete (78ms)
	LoadAllAssembliesAndSetupDomain (408ms)
		LoadAssemblies (167ms)
		RebuildTransferFunctionScriptingTraits (0ms)
		AnalyzeDomain (404ms)
			TypeCache.Refresh (402ms)
				TypeCache.ScanAssembly (381ms)
			ScanForSourceGeneratedMonoScriptInfo (1ms)
			ResolveRequiredComponents (1ms)
	FinalizeReload (1365ms)
		ReleaseScriptCaches (0ms)
		RebuildScriptCaches (0ms)
		SetupLoadedEditorAssemblies (1257ms)
			LogAssemblyErrors (0ms)
			InitializePlatformSupportModulesInManaged (927ms)
			SetLoadedEditorAssemblies (9ms)
			RefreshPlugins (0ms)
			BeforeProcessingInitializeOnLoad (4ms)
			ProcessInitializeOnLoadAttributes (199ms)
			ProcessInitializeOnLoadMethodAttributes (118ms)
			AfterProcessingInitializeOnLoad (0ms)
			EditorAssembliesLoaded (0ms)
		ExecutionOrderSort2 (0ms)
		AwakeInstancesAfterBackupRestoration (0ms)
========================================================================
Worker process is ready to serve import requests
Begin MonoManager ReloadAssembly
- Loaded All Assemblies, in  1.567 seconds
Refreshing native plugins compatible for Editor in 10.31 ms, found 3 plugins.
Native extension for WindowsStandalone target not found
Native extension for Android target not found
Package Manager log level set to [2]
[Package Manager] Server::EnsureServerProcessIsRunning -- launch failed, reason: Unity was launched with the -noUpm command-line argument
[Package Manager] UpmClient::Send -- Unable to send message (not connected to UPM process).
[Package Manager] Cannot connect to Unity Package Manager local server
Mono: successfully reloaded assembly
- Finished resetting the current domain, in  1.521 seconds
Domain Reload Profiling: 3075ms
	BeginReloadAssembly (340ms)
		ExecutionOrderSort (0ms)
		DisableScriptedObjects (13ms)
		BackupInstance (0ms)
		ReleaseScriptingObjects (0ms)
		CreateAndSetChildDomain (40ms)
	RebuildCommonClasses (71ms)
	RebuildNativeTypeToScriptingClass (30ms)
	initialDomainReloadingComplete (100ms)
	LoadAllAssembliesAndSetupDomain (1011ms)
		LoadAssemblies (766ms)
		RebuildTransferFunctionScriptingTraits (0ms)
		AnalyzeDomain (455ms)
			TypeCache.Refresh (390ms)
				TypeCache.ScanAssembly (349ms)
			ScanForSourceGeneratedMonoScriptInfo (43ms)
			ResolveRequiredComponents (16ms)
	FinalizeReload (1521ms)
		ReleaseScriptCaches (0ms)
		RebuildScriptCaches (0ms)
		SetupLoadedEditorAssemblies (1105ms)
			LogAssemblyErrors (0ms)
			InitializePlatformSupportModulesInManaged (65ms)
			SetLoadedEditorAssemblies (11ms)
			RefreshPlugins (0ms)
			BeforeProcessingInitializeOnLoad (143ms)
			ProcessInitializeOnLoadAttributes (813ms)
			ProcessInitializeOnLoadMethodAttributes (53ms)
			AfterProcessingInitializeOnLoad (20ms)
			EditorAssembliesLoaded (0ms)
		ExecutionOrderSort2 (0ms)
		AwakeInstancesAfterBackupRestoration (39ms)
Launched and connected shader compiler UnityShaderCompiler.exe after 0.22 seconds
Refreshing native plugins compatible for Editor in 9.99 ms, found 3 plugins.
Preloading 0 native plugins for Editor in 0.00 ms.
Unloading 3100 Unused Serialized files (Serialized files now loaded: 0)
Unloading 31 unused Assets / (56.4 KB). Loaded Objects now: 3582.
Memory consumption went from 129.7 MB to 129.7 MB.
Total: 7.201600 ms (FindLiveObjects: 0.371600 ms CreateObjectMapping: 0.187700 ms MarkObjects: 6.405600 ms  DeleteObjects: 0.234300 ms)

AssetImportParameters requested are different than current active one (requested -> active):
  custom:container-demuxer-ogg: 62fdf1f143b41e24485cea50d1cbac27 -> 
  custom:video-decoder-ogg-theora: a1e56fd34408186e4bbccfd4996cb3dc -> 
  custom:framework-win-MediaFoundation: 216162199b28c13a410421893ffa2e32 -> 
  custom:CustomObjectIndexerAttribute: 756ad292c208cfabdd7b50bc23989ffe -> 
  custom:container-demuxer-webm: 4f35f7cbe854078d1ac9338744f61a02 -> 
  custom:container-muxer-webm: aa71ff27fc2769a1b78a27578f13a17b -> 
  custom:video-decoder-webm-vp8: 9c59270c3fd7afecdb556c50c9e8de78 -> 
  custom:SearchIndexIgnoredProperties: e643bd26f0fe6173181afceb89e7c659 -> 
  custom:AudioImporter_EditorPlatform: d09bf68614088b80899f8185d706f6e7 -> 
  custom:video-encoder-webm-vp8: eb34c28f22e8b96e1ab97ce403110664 -> 
  custom:audio-decoder-ogg-vorbis: bf7c407c2cedff20999df2af8eb42d56 -> 
  custom:audio-encoder-webm-vorbis: bf7c407c2cedff20999df2af8eb42d56 -> 
========================================================================
Received Import Request.
  Time since last request: 1908126.842003 seconds.
  path: Assets/Playing Cards/Image/PlayingCards/Club05.png
  artifactKey: Guid(d0e626a1e8e53a14e908b9c98e23b8f6) Importer(815301076,1909f56bfc062723c751e8b465ee728b)
Start importing Assets/Playing Cards/Image/PlayingCards/Club05.png using Guid(d0e626a1e8e53a14e908b9c98e23b8f6) Importer(815301076,1909f56bfc062723c751e8b465ee728b)  -> (artifact id: 'b15287969d3a09cb236813297d851bdb') in 0.136321 seconds
Number of updated asset objects reloaded before import = 0
Number of asset objects unloaded after import = 2
========================================================================
Received Import Request.
  Time since last request: 0.000050 seconds.
  path: Assets/Playing Cards/Resource/Materials/CasinoItem/Table_Square.mat
  artifactKey: Guid(40e7f21e7973ac7478240e719fd902d5) Importer(815301076,1909f56bfc062723c751e8b465ee728b)
Start importing Assets/Playing Cards/Resource/Materials/CasinoItem/Table_Square.mat using Guid(40e7f21e7973ac7478240e719fd902d5) Importer(815301076,1909f56bfc062723c751e8b465ee728b)  -> (artifact id: '120afe78289dd57d86304eee3b2dbb75') in 0.177973 seconds
Number of updated asset objects reloaded before import = 0
Number of asset objects unloaded after import = 1
========================================================================
Received Import Request.
  Time since last request: 0.000041 seconds.
  path: Assets/Playing Cards/Image/PlayingCards/Spade04.png
  artifactKey: Guid(7b52a4d2a4cc48d45bc0c270ebffc24b) Importer(815301076,1909f56bfc062723c751e8b465ee728b)
Start importing Assets/Playing Cards/Image/PlayingCards/Spade04.png using Guid(7b52a4d2a4cc48d45bc0c270ebffc24b) Importer(815301076,1909f56bfc062723c751e8b465ee728b)  -> (artifact id: 'e941469ac36810986ed957292db3cdf7') in 0.045631 seconds
Number of updated asset objects reloaded before import = 0
Number of asset objects unloaded after import = 2
========================================================================
Received Import Request.
  Time since last request: 0.000080 seconds.
  path: Assets/Playing Cards/Image/PlayingCards/Club13.png
  artifactKey: Guid(b2d0ba18f8b024a49a61be93bf9c89c0) Importer(815301076,1909f56bfc062723c751e8b465ee728b)
Start importing Assets/Playing Cards/Image/PlayingCards/Club13.png using Guid(b2d0ba18f8b024a49a61be93bf9c89c0) Importer(815301076,1909f56bfc062723c751e8b465ee728b)  -> (artifact id: '0a7e6a6dbfbd90b7c562978a31c65a79') in 0.039204 seconds
Number of updated asset objects reloaded before import = 0
Number of asset objects unloaded after import = 2
========================================================================
Received Import Request.
  Time since last request: 0.000039 seconds.
  path: Assets/Playing Cards/Image/PlayingCards/Heart02.png
  artifactKey: Guid(8dfedddf2799c7b4d82bed3b2f9bd03c) Importer(815301076,1909f56bfc062723c751e8b465ee728b)
Start importing Assets/Playing Cards/Image/PlayingCards/Heart02.png using Guid(8dfedddf2799c7b4d82bed3b2f9bd03c) Importer(815301076,1909f56bfc062723c751e8b465ee728b)  -> (artifact id: '8fb2e8c59ee26c055bda72768a2bd784') in 0.037559 seconds
Number of updated asset objects reloaded before import = 0
Number of asset objects unloaded after import = 2
========================================================================
Received Import Request.
  Time since last request: 0.000101 seconds.
  path: Assets/Playing Cards/Image/PlayingCards/Diamond12.png
  artifactKey: Guid(4defcbd668b2bd9488ef72feb0bfd967) Importer(815301076,1909f56bfc062723c751e8b465ee728b)
Start importing Assets/Playing Cards/Image/PlayingCards/Diamond12.png using Guid(4defcbd668b2bd9488ef72feb0bfd967) Importer(815301076,1909f56bfc062723c751e8b465ee728b)  -> (artifact id: 'be8c6723ccdbec2fc03a95d1ff346863') in 0.042029 seconds
Number of updated asset objects reloaded before import = 0
Number of asset objects unloaded after import = 2
========================================================================
Received Import Request.
  Time since last request: 0.000280 seconds.
  path: Assets/Playing Cards/Resource/Materials/CasinoItem/CasinoChip_Green.mat
  artifactKey: Guid(8a40827dde8605946842e93f78112050) Importer(815301076,1909f56bfc062723c751e8b465ee728b)
Start importing Assets/Playing Cards/Resource/Materials/CasinoItem/CasinoChip_Green.mat using Guid(8a40827dde8605946842e93f78112050) Importer(815301076,1909f56bfc062723c751e8b465ee728b)  -> (artifact id: '4bd9583fe5e947f05b9bddaac0f73e6e') in 0.036319 seconds
Number of updated asset objects reloaded before import = 0
Number of asset objects unloaded after import = 1
========================================================================
Received Import Request.
  Time since last request: 0.000134 seconds.
  path: Assets/Playing Cards/Image/PlayingCards/Club06.png
  artifactKey: Guid(9e4fef354a531d446b72020d5125348d) Importer(815301076,1909f56bfc062723c751e8b465ee728b)
Start importing Assets/Playing Cards/Image/PlayingCards/Club06.png using Guid(9e4fef354a531d446b72020d5125348d) Importer(815301076,1909f56bfc062723c751e8b465ee728b)  -> (artifact id: 'f0f65561b6d09f7c68d7bebd6de84564') in 0.049146 seconds
Number of updated asset objects reloaded before import = 0
Number of asset objects unloaded after import = 2
========================================================================
Received Import Request.
  Time since last request: 0.000034 seconds.
  path: Assets/Playing Cards/Image/PlayingCards/Heart04.png
  artifactKey: Guid(4a885f25a9c7fea43a86646f6a5eaa5f) Importer(815301076,1909f56bfc062723c751e8b465ee728b)
Start importing Assets/Playing Cards/Image/PlayingCards/Heart04.png using Guid(4a885f25a9c7fea43a86646f6a5eaa5f) Importer(815301076,1909f56bfc062723c751e8b465ee728b)  -> (artifact id: 'b00ff4fcdb26f056c2141ed01e6011f5') in 0.052177 seconds
Number of updated asset objects reloaded before import = 0
Number of asset objects unloaded after import = 2
========================================================================
Received Import Request.
  Time since last request: 0.000141 seconds.
  path: Assets/Playing Cards/Resource/Materials/CasinoItem/CasinoChip_Black.mat
  artifactKey: Guid(811c1d0896d2f7744aa80f0d42deb8d9) Importer(815301076,1909f56bfc062723c751e8b465ee728b)
Start importing Assets/Playing Cards/Resource/Materials/CasinoItem/CasinoChip_Black.mat using Guid(811c1d0896d2f7744aa80f0d42deb8d9) Importer(815301076,1909f56bfc062723c751e8b465ee728b)  -> (artifact id: '6d41421cf125f05af241e1457ef30107') in 0.033898 seconds
Number of updated asset objects reloaded before import = 0
Number of asset objects unloaded after import = 1
========================================================================
Received Import Request.
  Time since last request: 0.000035 seconds.
  path: Assets/Playing Cards/Image/PlayingCards/Diamond04.png
  artifactKey: Guid(7dd21bd4dee823b43b4a9d0eb3ea9825) Importer(815301076,1909f56bfc062723c751e8b465ee728b)
Start importing Assets/Playing Cards/Image/PlayingCards/Diamond04.png using Guid(7dd21bd4dee823b43b4a9d0eb3ea9825) Importer(815301076,1909f56bfc062723c751e8b465ee728b)  -> (artifact id: '171d40183cc7c3eaff575b054f998908') in 0.047893 seconds
Number of updated asset objects reloaded before import = 0
Number of asset objects unloaded after import = 2
========================================================================
Received Import Request.
  Time since last request: 0.000057 seconds.
  path: Assets/Playing Cards/Image/PlayingCards/BackColor_Black.png
  artifactKey: Guid(35b1aa564e0affa44b391cd24c36727c) Importer(815301076,1909f56bfc062723c751e8b465ee728b)
Start importing Assets/Playing Cards/Image/PlayingCards/BackColor_Black.png using Guid(35b1aa564e0affa44b391cd24c36727c) Importer(815301076,1909f56bfc062723c751e8b465ee728b)  -> (artifact id: '2e87b69a6de151973e7bb39fab125dda') in 0.046397 seconds
Number of updated asset objects reloaded before import = 0
Number of asset objects unloaded after import = 2
========================================================================
Received Prepare
Begin MonoManager ReloadAssembly
- Loaded All Assemblies, in  0.501 seconds
Refreshing native plugins compatible for Editor in 4.82 ms, found 3 plugins.
Native extension for WindowsStandalone target not found
Native extension for Android target not found
[Package Manager] Server::EnsureServerProcessIsRunning -- launch failed, reason: Unity was launched with the -noUpm command-line argument
[Package Manager] UpmClient::Send -- Unable to send message (not connected to UPM process).
[Package Manager] Cannot connect to Unity Package Manager local server
Mono: successfully reloaded assembly
- Finished resetting the current domain, in  1.421 seconds
Domain Reload Profiling: 1918ms
	BeginReloadAssembly (164ms)
		ExecutionOrderSort (0ms)
		DisableScriptedObjects (4ms)
		BackupInstance (0ms)
		ReleaseScriptingObjects (0ms)
		CreateAndSetChildDomain (36ms)
	RebuildCommonClasses (37ms)
	RebuildNativeTypeToScriptingClass (13ms)
	initialDomainReloadingComplete (34ms)
	LoadAllAssembliesAndSetupDomain (248ms)
		LoadAssemblies (325ms)
		RebuildTransferFunctionScriptingTraits (0ms)
		AnalyzeDomain (15ms)
			TypeCache.Refresh (7ms)
				TypeCache.ScanAssembly (0ms)
			ScanForSourceGeneratedMonoScriptInfo (0ms)
			ResolveRequiredComponents (6ms)
	FinalizeReload (1422ms)
		ReleaseScriptCaches (0ms)
		RebuildScriptCaches (0ms)
		SetupLoadedEditorAssemblies (673ms)
			LogAssemblyErrors (0ms)
			InitializePlatformSupportModulesInManaged (38ms)
			SetLoadedEditorAssemblies (7ms)
			RefreshPlugins (0ms)
			BeforeProcessingInitializeOnLoad (84ms)
			ProcessInitializeOnLoadAttributes (497ms)
			ProcessInitializeOnLoadMethodAttributes (33ms)
			AfterProcessingInitializeOnLoad (14ms)
			EditorAssembliesLoaded (0ms)
		ExecutionOrderSort2 (0ms)
		AwakeInstancesAfterBackupRestoration (17ms)
Refreshing native plugins compatible for Editor in 8.01 ms, found 3 plugins.
Preloading 0 native plugins for Editor in 0.00 ms.
Unloading 3078 Unused Serialized files (Serialized files now loaded: 0)
Unloading 22 unused Assets / (30.6 KB). Loaded Objects now: 3626.
Memory consumption went from 125.1 MB to 125.1 MB.
Total: 6.381300 ms (FindLiveObjects: 0.454600 ms CreateObjectMapping: 0.206000 ms MarkObjects: 5.659900 ms  DeleteObjects: 0.058700 ms)

Prepare: number of updated asset objects reloaded= 0
AssetImportParameters requested are different than current active one (requested -> active):
  custom:container-demuxer-ogg: 62fdf1f143b41e24485cea50d1cbac27 -> 
  custom:video-decoder-ogg-theora: a1e56fd34408186e4bbccfd4996cb3dc -> 
  custom:framework-win-MediaFoundation: 216162199b28c13a410421893ffa2e32 -> 
  custom:CustomObjectIndexerAttribute: 756ad292c208cfabdd7b50bc23989ffe -> 
  custom:container-demuxer-webm: 4f35f7cbe854078d1ac9338744f61a02 -> 
  custom:container-muxer-webm: aa71ff27fc2769a1b78a27578f13a17b -> 
  custom:video-decoder-webm-vp8: 9c59270c3fd7afecdb556c50c9e8de78 -> 
  custom:SearchIndexIgnoredProperties: e643bd26f0fe6173181afceb89e7c659 -> 
  custom:AudioImporter_EditorPlatform: d09bf68614088b80899f8185d706f6e7 -> 
  custom:video-encoder-webm-vp8: eb34c28f22e8b96e1ab97ce403110664 -> 
  custom:audio-decoder-ogg-vorbis: bf7c407c2cedff20999df2af8eb42d56 -> 
  custom:audio-encoder-webm-vorbis: bf7c407c2cedff20999df2af8eb42d56 -> 
Editor requested this worker to shutdown with reason: Scaling down because of idle timeout
TcpMessagingSession - receive error: operation aborted. errorcode: 995, details: La operación de E/S se anuló por una salida de subproceso o por una solicitud de aplicación.
AssetImportWorker is now disconnected from the server
Process exiting
Exiting without the bug reporter. Application will terminate with return code 0